0 verbose cli /usr/local/bin/node /usr/local/bin/npm
1 info using npm@8.19.4
2 info using node@v16.20.2
3 timing npm:load:whichnode Completed in 0ms
4 timing config:load:defaults Completed in 1ms
5 timing config:load:file:/usr/local/lib/node_modules/npm/npmrc Completed in 1ms
6 timing config:load:builtin Completed in 1ms
7 warn config production Use `--omit=dev` instead.
8 timing config:load:cli Completed in 2ms
9 timing config:load:env Completed in 0ms
10 timing config:load:file:/data/.npmrc Completed in 0ms
11 timing config:load:project Completed in 1ms
12 timing config:load:file:/usr/src/node-red/.npmrc Completed in 0ms
13 timing config:load:user Completed in 0ms
14 timing config:load:file:/usr/local/etc/npmrc Completed in 5ms
15 timing config:load:global Completed in 5ms
16 timing config:load:validate Completed in 1ms
17 timing config:load:credentials Completed in 1ms
18 timing config:load:setEnvs Completed in 0ms
19 timing config:load Completed in 13ms
20 timing npm:load:configload Completed in 13ms
21 timing npm:load:mkdirpcache Completed in 0ms
22 timing npm:load:mkdirplogs Completed in 1ms
23 verbose title npm install node-red-dashboard@3.6.5
24 verbose argv "install" "--no-audit" "--no-update-notifier" "--no-fund" "--save" "--save-prefix" "~" "--production" "--engine-strict" "node-red-dashboard@3.6.5"
25 timing npm:load:setTitle Completed in 1ms
26 timing config:load:flatten Completed in 2ms
27 timing npm:load:display Completed in 3ms
28 verbose logfile logs-max:10 dir:/data/.npm/_logs
29 verbose logfile /data/.npm/_logs/2024-08-22T04_32_12_963Z-debug-0.log
30 timing npm:load:logFile Completed in 4ms
31 timing npm:load:timers Completed in 0ms
32 timing npm:load:configScope Completed in 0ms
33 timing npm:load Completed in 24ms
34 timing arborist:ctor Completed in 1ms
35 silly logfile done cleaning log files
36 timing idealTree:init Completed in 20ms
37 timing idealTree:userRequests Completed in 1ms
38 silly idealTree buildDeps
39 silly fetch manifest node-red-dashboard@3.6.5
40 timing arborist:ctor Completed in 0ms
41 http fetch GET 200 https://registry.npmjs.org/node-red-dashboard 165ms (cache miss)
42 silly placeDep ROOT node-red-dashboard@3.6.5 OK for: node-red-project@0.0.1 want: 3.6.5
43 silly fetch manifest compression@^1.7.4
44 silly fetch manifest gridstack@^0.6.4
45 silly fetch manifest serve-static@^1.15.0
46 silly fetch manifest socket.io@^4.7.4
47 http fetch GET 200 https://registry.npmjs.org/compression 46ms (cache miss)
48 http fetch GET 200 https://registry.npmjs.org/serve-static 65ms (cache miss)
49 http fetch GET 200 https://registry.npmjs.org/socket.io 68ms (cache miss)
50 http fetch GET 200 https://registry.npmjs.org/gridstack 642ms (cache miss)
51 timing idealTree:#root Completed in 818ms
52 silly placeDep ROOT compression@1.7.4 OK for: node-red-dashboard@3.6.5 want: ^1.7.4
53 silly placeDep ROOT gridstack@0.6.4 OK for: node-red-dashboard@3.6.5 want: ^0.6.4
54 silly placeDep ROOT serve-static@1.15.0 OK for: node-red-dashboard@3.6.5 want: ^1.15.0
55 silly placeDep ROOT socket.io@4.7.5 OK for: node-red-dashboard@3.6.5 want: ^4.7.4
56 silly fetch manifest vary@~1.1.2
57 silly fetch manifest bytes@3.0.0
58 silly fetch manifest debug@2.6.9
59 silly fetch manifest accepts@~1.3.5
60 silly fetch manifest on-headers@~1.0.2
61 silly fetch manifest safe-buffer@5.1.2
62 silly fetch manifest compressible@~2.0.16
63 silly fetch manifest jquery@^1.8 || 2 || 3
64 silly fetch manifest send@0.18.0
65 silly fetch manifest parseurl@~1.3.3
66 silly fetch manifest encodeurl@~1.0.2
67 silly fetch manifest escape-html@~1.0.3
68 silly fetch manifest cors@~2.8.5
69 silly fetch manifest debug@~4.3.2
70 silly fetch manifest accepts@~1.3.4
71 silly fetch manifest base64id@~2.0.0
72 silly fetch manifest engine.io@~6.5.2
73 silly fetch manifest socket.io-parser@~4.2.4
74 silly fetch manifest socket.io-adapter@~2.5.2
75 http fetch GET 200 https://registry.npmjs.org/debug 40ms (cache miss)
76 http fetch GET 200 https://registry.npmjs.org/vary 50ms (cache miss)
77 http fetch GET 200 https://registry.npmjs.org/bytes 51ms (cache miss)
78 http fetch GET 200 https://registry.npmjs.org/accepts 55ms (cache miss)
79 http fetch GET 200 https://registry.npmjs.org/base64id 57ms (cache miss)
80 http fetch GET 200 https://registry.npmjs.org/encodeurl 69ms (cache miss)
81 http fetch GET 200 https://registry.npmjs.org/parseurl 79ms (cache miss)
82 http fetch GET 200 https://registry.npmjs.org/accepts 77ms (cache miss)
83 http fetch GET 200 https://registry.npmjs.org/debug 98ms (cache miss)
84 http fetch GET 200 https://registry.npmjs.org/send 101ms (cache miss)
85 http fetch GET 200 https://registry.npmjs.org/jquery 105ms (cache miss)
86 http fetch GET 200 https://registry.npmjs.org/on-headers 109ms (cache miss)
87 http fetch GET 200 https://registry.npmjs.org/socket.io-adapter 105ms (cache miss)
88 http fetch GET 200 https://registry.npmjs.org/cors 109ms (cache miss)
89 http fetch GET 200 https://registry.npmjs.org/compressible 112ms (cache miss)
90 http fetch GET 200 https://registry.npmjs.org/safe-buffer 114ms (cache miss)
91 http fetch GET 200 https://registry.npmjs.org/socket.io-parser 109ms (cache miss)
92 http fetch GET 200 https://registry.npmjs.org/engine.io 112ms (cache miss)
93 http fetch GET 200 https://registry.npmjs.org/escape-html 116ms (cache miss)
94 timing idealTree:node_modules/node-red-dashboard Completed in 127ms
95 silly placeDep ROOT accepts@1.3.8 OK for: compression@1.7.4 want: ~1.3.5
96 silly placeDep ROOT bytes@3.0.0 OK for: compression@1.7.4 want: 3.0.0
97 silly placeDep ROOT compressible@2.0.18 OK for: compression@1.7.4 want: ~2.0.16
98 silly placeDep ROOT debug@2.6.9 OK for: compression@1.7.4 want: 2.6.9
99 silly placeDep ROOT on-headers@1.0.2 OK for: compression@1.7.4 want: ~1.0.2
100 silly placeDep ROOT safe-buffer@5.1.2 OK for: compression@1.7.4 want: 5.1.2
101 silly placeDep ROOT vary@1.1.2 OK for: compression@1.7.4 want: ~1.1.2
102 silly fetch manifest mime-types@~2.1.34
103 silly fetch manifest negotiator@0.6.3
104 silly fetch manifest mime-db@>= 1.43.0 < 2
105 silly fetch manifest ms@2.0.0
106 http fetch GET 200 https://registry.npmjs.org/mime-db 43ms (cache miss)
107 http fetch GET 200 https://registry.npmjs.org/ms 41ms (cache miss)
108 http fetch GET 200 https://registry.npmjs.org/mime-types 55ms (cache miss)
109 http fetch GET 200 https://registry.npmjs.org/negotiator 63ms (cache miss)
110 timing idealTree:node_modules/compression Completed in 72ms
111 silly placeDep ROOT mime-types@2.1.35 OK for: accepts@1.3.8 want: ~2.1.34
112 silly placeDep ROOT negotiator@0.6.3 OK for: accepts@1.3.8 want: 0.6.3
113 silly fetch manifest mime-db@1.52.0
114 timing idealTree:node_modules/accepts Completed in 2ms
115 timing idealTree:node_modules/bytes Completed in 0ms
116 silly placeDep ROOT mime-db@1.53.0 OK for: compressible@2.0.18 want: >= 1.43.0 < 2
117 timing idealTree:node_modules/compressible Completed in 1ms
118 silly placeDep ROOT ms@2.0.0 OK for: debug@2.6.9 want: 2.0.0
119 timing idealTree:node_modules/debug Completed in 1ms
120 silly placeDep ROOT jquery@3.7.1 OK for: gridstack@0.6.4 want: ^1.8 || 2 || 3
121 timing idealTree:node_modules/gridstack Completed in 2ms
122 timing idealTree:node_modules/jquery Completed in 0ms
123 timing idealTree:node_modules/mime-db Completed in 0ms
124 silly placeDep node_modules/mime-types mime-db@1.52.0 OK for: mime-types@2.1.35 want: 1.52.0
125 timing idealTree:node_modules/mime-types Completed in 2ms
126 timing idealTree:node_modules/ms Completed in 0ms
127 timing idealTree:node_modules/negotiator Completed in 0ms
128 timing idealTree:node_modules/on-headers Completed in 0ms
129 timing idealTree:node_modules/safe-buffer Completed in 0ms
130 silly placeDep ROOT encodeurl@1.0.2 OK for: serve-static@1.15.0 want: ~1.0.2
131 silly placeDep ROOT escape-html@1.0.3 OK for: serve-static@1.15.0 want: ~1.0.3
132 silly placeDep ROOT parseurl@1.3.3 OK for: serve-static@1.15.0 want: ~1.3.3
133 silly placeDep ROOT send@0.18.0 OK for: serve-static@1.15.0 want: 0.18.0
134 silly fetch manifest ms@2.1.3
135 silly fetch manifest depd@2.0.0
136 silly fetch manifest etag@~1.8.1
137 silly fetch manifest mime@1.6.0
138 silly fetch manifest fresh@0.5.2
139 silly fetch manifest destroy@1.2.0
140 silly fetch manifest statuses@2.0.1
141 silly fetch manifest http-errors@2.0.0
142 silly fetch manifest on-finished@2.4.1
143 silly fetch manifest range-parser@~1.2.1
144 http fetch GET 200 https://registry.npmjs.org/depd 37ms (cache miss)
145 http fetch GET 200 https://registry.npmjs.org/fresh 39ms (cache miss)
146 http fetch GET 200 https://registry.npmjs.org/on-finished 38ms (cache miss)
147 http fetch GET 200 https://registry.npmjs.org/destroy 44ms (cache miss)
148 http fetch GET 200 https://registry.npmjs.org/range-parser 46ms (cache miss)
149 http fetch GET 200 https://registry.npmjs.org/http-errors 49ms (cache miss)
150 http fetch GET 200 https://registry.npmjs.org/statuses 52ms (cache miss)
151 http fetch GET 200 https://registry.npmjs.org/etag 72ms (cache miss)
152 http fetch GET 200 https://registry.npmjs.org/mime 84ms (cache miss)
153 timing idealTree:node_modules/serve-static Completed in 92ms
154 timing idealTree:node_modules/encodeurl Completed in 0ms
155 timing idealTree:node_modules/escape-html Completed in 0ms
156 timing idealTree:node_modules/parseurl Completed in 0ms
157 silly placeDep ROOT depd@2.0.0 OK for: send@0.18.0 want: 2.0.0
158 silly placeDep ROOT destroy@1.2.0 OK for: send@0.18.0 want: 1.2.0
159 silly placeDep ROOT etag@1.8.1 OK for: send@0.18.0 want: ~1.8.1
160 silly placeDep ROOT fresh@0.5.2 OK for: send@0.18.0 want: 0.5.2
161 silly placeDep ROOT http-errors@2.0.0 OK for: send@0.18.0 want: 2.0.0
162 silly placeDep ROOT mime@1.6.0 OK for: send@0.18.0 want: 1.6.0
163 silly placeDep node_modules/send ms@2.1.3 OK for: send@0.18.0 want: 2.1.3
164 silly placeDep ROOT on-finished@2.4.1 OK for: send@0.18.0 want: 2.4.1
165 silly placeDep ROOT range-parser@1.2.1 OK for: send@0.18.0 want: ~1.2.1
166 silly placeDep ROOT statuses@2.0.1 OK for: send@0.18.0 want: 2.0.1
167 silly fetch manifest inherits@2.0.4
168 silly fetch manifest setprototypeof@1.2.0
169 silly fetch manifest toidentifier@1.0.1
170 silly fetch manifest ee-first@1.1.1
171 http fetch GET 200 https://registry.npmjs.org/ee-first 39ms (cache miss)
172 http fetch GET 200 https://registry.npmjs.org/setprototypeof 41ms (cache miss)
173 http fetch GET 200 https://registry.npmjs.org/inherits 79ms (cache miss)
174 http fetch GET 200 https://registry.npmjs.org/toidentifier 78ms (cache miss)
175 timing idealTree:node_modules/send Completed in 91ms
176 timing idealTree:node_modules/depd Completed in 0ms
177 timing idealTree:node_modules/destroy Completed in 0ms
178 timing idealTree:node_modules/etag Completed in 0ms
179 timing idealTree:node_modules/fresh Completed in 0ms
180 silly placeDep ROOT inherits@2.0.4 OK for: http-errors@2.0.0 want: 2.0.4
181 silly placeDep ROOT setprototypeof@1.2.0 OK for: http-errors@2.0.0 want: 1.2.0
182 silly placeDep ROOT toidentifier@1.0.1 OK for: http-errors@2.0.0 want: 1.0.1
183 timing idealTree:node_modules/http-errors Completed in 3ms
184 timing idealTree:node_modules/inherits Completed in 0ms
185 timing idealTree:node_modules/mime Completed in 0ms
186 silly placeDep ROOT ee-first@1.1.1 OK for: on-finished@2.4.1 want: 1.1.1
187 timing idealTree:node_modules/on-finished Completed in 1ms
188 timing idealTree:node_modules/ee-first Completed in 0ms
189 timing idealTree:node_modules/range-parser Completed in 0ms
190 timing idealTree:node_modules/setprototypeof Completed in 0ms
191 silly placeDep ROOT base64id@2.0.0 OK for: socket.io@4.7.5 want: ~2.0.0
192 silly placeDep ROOT cors@2.8.5 OK for: socket.io@4.7.5 want: ~2.8.5
193 silly placeDep node_modules/socket.io debug@4.3.6 OK for: socket.io@4.7.5 want: ~4.3.2
194 silly placeDep ROOT engine.io@6.5.5 OK for: socket.io@4.7.5 want: ~6.5.2
195 silly placeDep ROOT socket.io-adapter@2.5.5 OK for: socket.io@4.7.5 want: ~2.5.2
196 silly placeDep ROOT socket.io-parser@4.2.4 OK for: socket.io@4.7.5 want: ~4.2.4
197 silly fetch manifest object-assign@^4
198 silly fetch manifest ms@2.1.2
199 silly fetch manifest ws@~8.17.1
200 silly fetch manifest debug@~4.3.1
201 silly fetch manifest cookie@~0.4.1
202 silly fetch manifest @types/cors@^2.8.12
203 silly fetch manifest @types/node@>=10.0.0
204 silly fetch manifest @types/cookie@^0.4.1
205 silly fetch manifest engine.io-parser@~5.2.1
206 silly fetch manifest debug@~4.3.4
207 silly fetch manifest @socket.io/component-emitter@~3.1.0
208 http fetch GET 200 https://registry.npmjs.org/cookie 52ms (cache miss)
209 http fetch GET 200 https://registry.npmjs.org/@types%2fcookie 53ms (cache miss)
210 http fetch GET 200 https://registry.npmjs.org/ws 58ms (cache miss)
211 http fetch GET 200 https://registry.npmjs.org/@types%2fcors 64ms (cache miss)
212 http fetch GET 200 https://registry.npmjs.org/object-assign 72ms (cache miss)
213 http fetch GET 200 https://registry.npmjs.org/@socket.io%2fcomponent-emitter 92ms (cache miss)
214 http fetch GET 200 https://registry.npmjs.org/engine.io-parser 96ms (cache miss)
215 http fetch GET 200 https://registry.npmjs.org/@types%2fnode 138ms (cache miss)
216 timing idealTree:node_modules/socket.io Completed in 155ms
217 timing idealTree:node_modules/base64id Completed in 0ms
218 silly placeDep ROOT object-assign@4.1.1 OK for: cors@2.8.5 want: ^4
219 timing idealTree:node_modules/cors Completed in 1ms
220 silly fetch manifest bufferutil@^4.0.1
221 http fetch GET 200 https://registry.npmjs.org/bufferutil 112ms (cache miss)
222 silly fetch manifest utf-8-validate@>=5.0.2
223 http fetch GET 200 https://registry.npmjs.org/utf-8-validate 61ms (cache miss)
224 silly placeDep ROOT @types/cookie@0.4.1 OK for: engine.io@6.5.5 want: ^0.4.1
225 silly placeDep ROOT @types/cors@2.8.17 OK for: engine.io@6.5.5 want: ^2.8.12
226 silly placeDep ROOT @types/node@22.5.0 OK for: engine.io@6.5.5 want: >=10.0.0
227 silly placeDep ROOT cookie@0.4.2 OK for: engine.io@6.5.5 want: ~0.4.1
228 silly placeDep node_modules/engine.io debug@4.3.6 OK for: engine.io@6.5.5 want: ~4.3.1
229 silly placeDep ROOT engine.io-parser@5.2.3 OK for: engine.io@6.5.5 want: ~5.2.1
230 silly placeDep ROOT ws@8.17.1 OK for: engine.io@6.5.5 want: ~8.17.1
231 silly fetch manifest undici-types@~6.19.2
232 http fetch GET 200 https://registry.npmjs.org/undici-types 59ms (cache miss)
233 timing idealTree:node_modules/engine.io Completed in 246ms
234 timing idealTree:node_modules/@types/cookie Completed in 0ms
235 timing idealTree:node_modules/@types/cors Completed in 0ms
236 silly placeDep ROOT undici-types@6.19.8 OK for: @types/node@22.5.0 want: ~6.19.2
237 timing idealTree:node_modules/@types/node Completed in 1ms
238 timing idealTree:node_modules/cookie Completed in 0ms
239 timing idealTree:node_modules/engine.io-parser Completed in 0ms
240 timing idealTree:node_modules/object-assign Completed in 0ms
241 silly placeDep node_modules/socket.io-adapter debug@4.3.6 OK for: socket.io-adapter@2.5.5 want: ~4.3.4
242 timing idealTree:node_modules/socket.io-adapter Completed in 1ms
243 silly placeDep ROOT @socket.io/component-emitter@3.1.2 OK for: socket.io-parser@4.2.4 want: ~3.1.0
244 silly placeDep node_modules/socket.io-parser debug@4.3.6 OK for: socket.io-parser@4.2.4 want: ~4.3.1
245 timing idealTree:node_modules/socket.io-parser Completed in 2ms
246 timing idealTree:node_modules/@socket.io/component-emitter Completed in 0ms
247 timing idealTree:node_modules/statuses Completed in 0ms
248 timing idealTree:node_modules/toidentifier Completed in 0ms
249 timing idealTree:node_modules/undici-types Completed in 0ms
250 timing idealTree:node_modules/vary Completed in 0ms
251 timing idealTree:node_modules/ws Completed in 0ms
252 silly placeDep node_modules/engine.io ms@2.1.2 OK for: debug@4.3.6 want: 2.1.2
253 timing idealTree:node_modules/engine.io/node_modules/debug Completed in 2ms
254 timing idealTree:node_modules/engine.io/node_modules/ms Completed in 0ms
255 timing idealTree:node_modules/mime-types/node_modules/mime-db Completed in 0ms
256 timing idealTree:node_modules/send/node_modules/ms Completed in 0ms
257 silly placeDep node_modules/socket.io-adapter ms@2.1.2 OK for: debug@4.3.6 want: 2.1.2
258 timing idealTree:node_modules/socket.io-adapter/node_modules/debug Completed in 1ms
259 timing idealTree:node_modules/socket.io-adapter/node_modules/ms Completed in 0ms
260 silly placeDep node_modules/socket.io-parser ms@2.1.2 OK for: debug@4.3.6 want: 2.1.2
261 timing idealTree:node_modules/socket.io-parser/node_modules/debug Completed in 1ms
262 timing idealTree:node_modules/socket.io-parser/node_modules/ms Completed in 0ms
263 silly placeDep node_modules/socket.io ms@2.1.2 OK for: debug@4.3.6 want: 2.1.2
264 timing idealTree:node_modules/socket.io/node_modules/debug Completed in 1ms
265 timing idealTree:node_modules/socket.io/node_modules/ms Completed in 0ms
266 timing idealTree:buildDeps Completed in 1627ms
267 timing idealTree:fixDepFlags Completed in 0ms
268 timing idealTree Completed in 1651ms
269 timing reify:loadTrees Completed in 1651ms
270 timing reify:diffTrees Completed in 2ms
271 silly reify moves {}
272 timing reify:retireShallow Completed in 1ms
273 timing reify:createSparse Completed in 8ms
274 timing reify:trashOmits Completed in 0ms
275 timing reify:loadBundles Completed in 0ms
276 silly tarball no local data for @socket.io/component-emitter@https://registry.npmjs.org/@socket.io/component-emitter/-/component-emitter-3.1.2.tgz. Extracting by manifest.
277 silly tarball no local data for undici-types@https://registry.npmjs.org/undici-types/-/undici-types-6.19.8.tgz. Extracting by manifest.
278 silly tarball no local data for ws@https://registry.npmjs.org/ws/-/ws-8.17.1.tgz. Extracting by manifest.
279 silly tarball no local data for cookie@https://registry.npmjs.org/cookie/-/cookie-0.4.2.tgz. Extracting by manifest.
280 silly tarball no local data for engine.io-parser@https://registry.npmjs.org/engine.io-parser/-/engine.io-parser-5.2.3.tgz. Extracting by manifest.
281 silly tarball no local data for @types/cookie@https://registry.npmjs.org/@types/cookie/-/cookie-0.4.1.tgz. Extracting by manifest.
282 silly tarball no local data for @types/cors@https://registry.npmjs.org/@types/cors/-/cors-2.8.17.tgz. Extracting by manifest.
283 silly tarball no local data for object-assign@https://registry.npmjs.org/object-assign/-/object-assign-4.1.1.tgz. Extracting by manifest.
284 silly tarball no local data for @types/node@https://registry.npmjs.org/@types/node/-/node-22.5.0.tgz. Extracting by manifest.
285 silly tarball no local data for socket.io-parser@https://registry.npmjs.org/socket.io-parser/-/socket.io-parser-4.2.4.tgz. Extracting by manifest.
286 silly tarball no local data for engine.io@https://registry.npmjs.org/engine.io/-/engine.io-6.5.5.tgz. Extracting by manifest.
287 silly tarball no local data for socket.io-adapter@https://registry.npmjs.org/socket.io-adapter/-/socket.io-adapter-2.5.5.tgz. Extracting by manifest.
288 silly tarball no local data for ee-first@https://registry.npmjs.org/ee-first/-/ee-first-1.1.1.tgz. Extracting by manifest.
289 silly tarball no local data for cors@https://registry.npmjs.org/cors/-/cors-2.8.5.tgz. Extracting by manifest.
290 silly tarball no local data for base64id@https://registry.npmjs.org/base64id/-/base64id-2.0.0.tgz. Extracting by manifest.
291 silly tarball no local data for toidentifier@https://registry.npmjs.org/toidentifier/-/toidentifier-1.0.1.tgz. Extracting by manifest.
292 silly tarball no local data for inherits@https://registry.npmjs.org/inherits/-/inherits-2.0.4.tgz. Extracting by manifest.
293 silly tarball no local data for setprototypeof@https://registry.npmjs.org/setprototypeof/-/setprototypeof-1.2.0.tgz. Extracting by manifest.
294 silly tarball no local data for statuses@https://registry.npmjs.org/statuses/-/statuses-2.0.1.tgz. Extracting by manifest.
295 silly tarball no local data for on-finished@https://registry.npmjs.org/on-finished/-/on-finished-2.4.1.tgz. Extracting by manifest.
296 silly tarball no local data for range-parser@https://registry.npmjs.org/range-parser/-/range-parser-1.2.1.tgz. Extracting by manifest.
297 silly tarball no local data for mime@https://registry.npmjs.org/mime/-/mime-1.6.0.tgz. Extracting by manifest.
298 silly tarball no local data for fresh@https://registry.npmjs.org/fresh/-/fresh-0.5.2.tgz. Extracting by manifest.
299 silly tarball no local data for http-errors@https://registry.npmjs.org/http-errors/-/http-errors-2.0.0.tgz. Extracting by manifest.
300 silly tarball no local data for destroy@https://registry.npmjs.org/destroy/-/destroy-1.2.0.tgz. Extracting by manifest.
301 silly tarball no local data for etag@https://registry.npmjs.org/etag/-/etag-1.8.1.tgz. Extracting by manifest.
302 silly tarball no local data for depd@https://registry.npmjs.org/depd/-/depd-2.0.0.tgz. Extracting by manifest.
303 silly tarball no local data for parseurl@https://registry.npmjs.org/parseurl/-/parseurl-1.3.3.tgz. Extracting by manifest.
304 silly tarball no local data for send@https://registry.npmjs.org/send/-/send-0.18.0.tgz. Extracting by manifest.
305 silly tarball no local data for escape-html@https://registry.npmjs.org/escape-html/-/escape-html-1.0.3.tgz. Extracting by manifest.
306 silly tarball no local data for encodeurl@https://registry.npmjs.org/encodeurl/-/encodeurl-1.0.2.tgz. Extracting by manifest.
307 silly tarball no local data for jquery@https://registry.npmjs.org/jquery/-/jquery-3.7.1.tgz. Extracting by manifest.
308 silly tarball no local data for ms@https://registry.npmjs.org/ms/-/ms-2.0.0.tgz. Extracting by manifest.
309 silly tarball no local data for mime-db@https://registry.npmjs.org/mime-db/-/mime-db-1.53.0.tgz. Extracting by manifest.
310 silly tarball no local data for mime-types@https://registry.npmjs.org/mime-types/-/mime-types-2.1.35.tgz. Extracting by manifest.
311 silly tarball no local data for negotiator@https://registry.npmjs.org/negotiator/-/negotiator-0.6.3.tgz. Extracting by manifest.
312 silly tarball no local data for vary@https://registry.npmjs.org/vary/-/vary-1.1.2.tgz. Extracting by manifest.
313 silly tarball no local data for safe-buffer@https://registry.npmjs.org/safe-buffer/-/safe-buffer-5.1.2.tgz. Extracting by manifest.
314 silly tarball no local data for on-headers@https://registry.npmjs.org/on-headers/-/on-headers-1.0.2.tgz. Extracting by manifest.
315 silly tarball no local data for debug@https://registry.npmjs.org/debug/-/debug-2.6.9.tgz. Extracting by manifest.
316 silly tarball no local data for accepts@https://registry.npmjs.org/accepts/-/accepts-1.3.8.tgz. Extracting by manifest.
317 silly tarball no local data for compressible@https://registry.npmjs.org/compressible/-/compressible-2.0.18.tgz. Extracting by manifest.
318 silly tarball no local data for bytes@https://registry.npmjs.org/bytes/-/bytes-3.0.0.tgz. Extracting by manifest.
319 silly tarball no local data for socket.io@https://registry.npmjs.org/socket.io/-/socket.io-4.7.5.tgz. Extracting by manifest.
320 silly tarball no local data for serve-static@https://registry.npmjs.org/serve-static/-/serve-static-1.15.0.tgz. Extracting by manifest.
321 silly tarball no local data for compression@https://registry.npmjs.org/compression/-/compression-1.7.4.tgz. Extracting by manifest.
322 silly tarball no local data for gridstack@https://registry.npmjs.org/gridstack/-/gridstack-0.6.4.tgz. Extracting by manifest.
323 silly tarball no local data for node-red-dashboard@https://registry.npmjs.org/node-red-dashboard/-/node-red-dashboard-3.6.5.tgz. Extracting by manifest.
324 silly tarball no local data for ms@https://registry.npmjs.org/ms/-/ms-2.1.2.tgz. Extracting by manifest.
325 silly tarball no local data for debug@https://registry.npmjs.org/debug/-/debug-4.3.6.tgz. Extracting by manifest.
326 silly tarball no local data for ms@https://registry.npmjs.org/ms/-/ms-2.1.2.tgz. Extracting by manifest.
327 silly tarball no local data for debug@https://registry.npmjs.org/debug/-/debug-4.3.6.tgz. Extracting by manifest.
328 silly tarball no local data for ms@https://registry.npmjs.org/ms/-/ms-2.1.2.tgz. Extracting by manifest.
329 silly tarball no local data for debug@https://registry.npmjs.org/debug/-/debug-4.3.6.tgz. Extracting by manifest.
330 silly tarball no local data for ms@https://registry.npmjs.org/ms/-/ms-2.1.3.tgz. Extracting by manifest.
331 silly tarball no local data for mime-db@https://registry.npmjs.org/mime-db/-/mime-db-1.52.0.tgz. Extracting by manifest.
332 silly tarball no local data for ms@https://registry.npmjs.org/ms/-/ms-2.1.2.tgz. Extracting by manifest.
333 silly tarball no local data for debug@https://registry.npmjs.org/debug/-/debug-4.3.6.tgz. Extracting by manifest.
334 http fetch GET 200 https://registry.npmjs.org/cookie/-/cookie-0.4.2.tgz 255ms (cache miss)
335 timing reifyNode:node_modules/cookie Completed in 284ms
336 http fetch GET 200 https://registry.npmjs.org/cors/-/cors-2.8.5.tgz 246ms (cache miss)
337 timing reifyNode:node_modules/cors Completed in 284ms
338 http fetch GET 200 https://registry.npmjs.org/@types/cors/-/cors-2.8.17.tgz 271ms (cache miss)
339 timing reifyNode:node_modules/@types/cors Completed in 303ms
340 http fetch GET 200 https://registry.npmjs.org/base64id/-/base64id-2.0.0.tgz 285ms (cache miss)
341 timing reifyNode:node_modules/base64id Completed in 324ms
342 http fetch GET 200 https://registry.npmjs.org/on-finished/-/on-finished-2.4.1.tgz 290ms (cache miss)
343 timing reifyNode:node_modules/on-finished Completed in 336ms
344 http fetch GET 200 https://registry.npmjs.org/object-assign/-/object-assign-4.1.1.tgz 305ms (cache miss)
345 timing reifyNode:node_modules/object-assign Completed in 338ms
346 http fetch GET 200 https://registry.npmjs.org/ee-first/-/ee-first-1.1.1.tgz 300ms (cache miss)
347 timing reifyNode:node_modules/ee-first Completed in 337ms
348 http fetch GET 200 https://registry.npmjs.org/socket.io-adapter/-/socket.io-adapter-2.5.5.tgz 307ms (cache miss)
349 timing reifyNode:node_modules/socket.io-adapter Completed in 344ms
350 http fetch GET 200 https://registry.npmjs.org/toidentifier/-/toidentifier-1.0.1.tgz 305ms (cache miss)
351 timing reifyNode:node_modules/toidentifier Completed in 347ms
352 http fetch GET 200 https://registry.npmjs.org/setprototypeof/-/setprototypeof-1.2.0.tgz 311ms (cache miss)
353 timing reifyNode:node_modules/setprototypeof Completed in 355ms
354 http fetch GET 200 https://registry.npmjs.org/inherits/-/inherits-2.0.4.tgz 313ms (cache miss)
355 timing reifyNode:node_modules/inherits Completed in 356ms
356 http fetch GET 200 https://registry.npmjs.org/range-parser/-/range-parser-1.2.1.tgz 313ms (cache miss)
357 timing reifyNode:node_modules/range-parser Completed in 360ms
358 http fetch GET 200 https://registry.npmjs.org/@types/cookie/-/cookie-0.4.1.tgz 333ms (cache miss)
359 timing reifyNode:node_modules/@types/cookie Completed in 364ms
360 http fetch GET 200 https://registry.npmjs.org/statuses/-/statuses-2.0.1.tgz 318ms (cache miss)
361 timing reifyNode:node_modules/statuses Completed in 363ms
362 http fetch GET 200 https://registry.npmjs.org/http-errors/-/http-errors-2.0.0.tgz 314ms (cache miss)
363 timing reifyNode:node_modules/http-errors Completed in 363ms
364 http fetch GET 200 https://registry.npmjs.org/fresh/-/fresh-0.5.2.tgz 315ms (cache miss)
365 timing reifyNode:node_modules/fresh Completed in 363ms
366 http fetch GET 200 https://registry.npmjs.org/etag/-/etag-1.8.1.tgz 316ms (cache miss)
367 timing reifyNode:node_modules/etag Completed in 367ms
368 http fetch GET 200 https://registry.npmjs.org/@socket.io/component-emitter/-/component-emitter-3.1.2.tgz 342ms (cache miss)
369 timing reifyNode:node_modules/@socket.io/component-emitter Completed in 369ms
370 http fetch GET 200 https://registry.npmjs.org/depd/-/depd-2.0.0.tgz 317ms (cache miss)
371 timing reifyNode:node_modules/depd Completed in 369ms
372 http fetch GET 200 https://registry.npmjs.org/parseurl/-/parseurl-1.3.3.tgz 317ms (cache miss)
373 timing reifyNode:node_modules/parseurl Completed in 369ms
374 http fetch GET 200 https://registry.npmjs.org/escape-html/-/escape-html-1.0.3.tgz 319ms (cache miss)
375 timing reifyNode:node_modules/escape-html Completed in 373ms
376 http fetch GET 200 https://registry.npmjs.org/negotiator/-/negotiator-0.6.3.tgz 312ms (cache miss)
377 timing reifyNode:node_modules/negotiator Completed in 374ms
378 http fetch GET 200 https://registry.npmjs.org/safe-buffer/-/safe-buffer-5.1.2.tgz 310ms (cache miss)
379 timing reifyNode:node_modules/safe-buffer Completed in 373ms
380 http fetch GET 200 https://registry.npmjs.org/socket.io-parser/-/socket.io-parser-4.2.4.tgz 342ms (cache miss)
381 http fetch GET 200 https://registry.npmjs.org/destroy/-/destroy-1.2.0.tgz 326ms (cache miss)
382 timing reifyNode:node_modules/destroy Completed in 376ms
383 http fetch GET 200 https://registry.npmjs.org/on-headers/-/on-headers-1.0.2.tgz 312ms (cache miss)
384 timing reifyNode:node_modules/on-headers Completed in 376ms
385 http fetch GET 200 https://registry.npmjs.org/ms/-/ms-2.0.0.tgz 321ms (cache miss)
386 timing reifyNode:node_modules/ms Completed in 377ms
387 http fetch GET 200 https://registry.npmjs.org/encodeurl/-/encodeurl-1.0.2.tgz 324ms (cache miss)
388 timing reifyNode:node_modules/encodeurl Completed in 379ms
389 timing reifyNode:node_modules/socket.io-parser Completed in 381ms
390 http fetch GET 200 https://registry.npmjs.org/send/-/send-0.18.0.tgz 329ms (cache miss)
391 timing reifyNode:node_modules/send Completed in 382ms
392 http fetch GET 200 https://registry.npmjs.org/compressible/-/compressible-2.0.18.tgz 315ms (cache miss)
393 timing reifyNode:node_modules/compressible Completed in 381ms
394 http fetch GET 200 https://registry.npmjs.org/accepts/-/accepts-1.3.8.tgz 318ms (cache miss)
395 timing reifyNode:node_modules/accepts Completed in 383ms
396 http fetch GET 200 https://registry.npmjs.org/debug/-/debug-4.3.6.tgz 314ms (cache miss)
397 timing reifyNode:node_modules/socket.io-parser/node_modules/debug Completed in 389ms
398 http fetch GET 200 https://registry.npmjs.org/vary/-/vary-1.1.2.tgz 326ms (cache miss)
399 timing reifyNode:node_modules/vary Completed in 388ms
400 http fetch GET 200 https://registry.npmjs.org/ms/-/ms-2.1.2.tgz 311ms (cache miss)
401 timing reifyNode:node_modules/engine.io/node_modules/ms Completed in 391ms
402 http fetch GET 200 https://registry.npmjs.org/mime-types/-/mime-types-2.1.35.tgz 330ms (cache miss)
403 timing reifyNode:node_modules/mime-types Completed in 391ms
404 http fetch GET 200 https://registry.npmjs.org/debug/-/debug-4.3.6.tgz 313ms (cache miss)
405 timing reifyNode:node_modules/engine.io/node_modules/debug Completed in 393ms
406 http fetch GET 200 https://registry.npmjs.org/debug/-/debug-4.3.6.tgz 315ms (cache miss)
407 timing reifyNode:node_modules/socket.io-adapter/node_modules/debug Completed in 394ms
408 http fetch GET 200 https://registry.npmjs.org/debug/-/debug-4.3.6.tgz 309ms (cache miss)
409 timing reifyNode:node_modules/socket.io/node_modules/debug Completed in 392ms
410 http fetch GET 200 https://registry.npmjs.org/ms/-/ms-2.1.2.tgz 312ms (cache miss)
411 timing reifyNode:node_modules/socket.io/node_modules/ms Completed in 394ms
412 http fetch GET 200 https://registry.npmjs.org/bytes/-/bytes-3.0.0.tgz 328ms (cache miss)
413 timing reifyNode:node_modules/bytes Completed in 395ms
414 http fetch GET 200 https://registry.npmjs.org/ms/-/ms-2.1.2.tgz 323ms (cache miss)
415 timing reifyNode:node_modules/socket.io-parser/node_modules/ms Completed in 397ms
416 http fetch GET 200 https://registry.npmjs.org/ms/-/ms-2.1.2.tgz 320ms (cache miss)
417 timing reifyNode:node_modules/socket.io-adapter/node_modules/ms Completed in 398ms
418 http fetch GET 200 https://registry.npmjs.org/compression/-/compression-1.7.4.tgz 328ms (cache miss)
419 timing reifyNode:node_modules/compression Completed in 398ms
420 http fetch GET 200 https://registry.npmjs.org/ms/-/ms-2.1.3.tgz 318ms (cache miss)
421 timing reifyNode:node_modules/send/node_modules/ms Completed in 399ms
422 http fetch GET 200 https://registry.npmjs.org/engine.io-parser/-/engine.io-parser-5.2.3.tgz 377ms (cache miss)
423 http fetch GET 200 https://registry.npmjs.org/serve-static/-/serve-static-1.15.0.tgz 338ms (cache miss)
424 timing reifyNode:node_modules/serve-static Completed in 407ms
425 http fetch GET 200 https://registry.npmjs.org/mime/-/mime-1.6.0.tgz 362ms (cache miss)
426 timing reifyNode:node_modules/mime Completed in 409ms
427 http fetch GET 200 https://registry.npmjs.org/debug/-/debug-2.6.9.tgz 344ms (cache miss)
428 timing reifyNode:node_modules/debug Completed in 408ms
429 timing reifyNode:node_modules/engine.io-parser Completed in 411ms
430 http fetch GET 200 https://registry.npmjs.org/mime-db/-/mime-db-1.52.0.tgz 333ms (cache miss)
431 timing reifyNode:node_modules/mime-types/node_modules/mime-db Completed in 414ms
432 http fetch GET 200 https://registry.npmjs.org/ws/-/ws-8.17.1.tgz 389ms (cache miss)
433 timing reifyNode:node_modules/ws Completed in 417ms
434 http fetch GET 200 https://registry.npmjs.org/mime-db/-/mime-db-1.53.0.tgz 361ms (cache miss)
435 timing reifyNode:node_modules/mime-db Completed in 421ms
436 http fetch GET 200 https://registry.npmjs.org/undici-types/-/undici-types-6.19.8.tgz 395ms (cache miss)
437 timing reifyNode:node_modules/undici-types Completed in 424ms
438 http fetch GET 200 https://registry.npmjs.org/engine.io/-/engine.io-6.5.5.tgz 394ms (cache miss)
439 timing reifyNode:node_modules/engine.io Completed in 430ms
440 http fetch GET 200 https://registry.npmjs.org/gridstack/-/gridstack-0.6.4.tgz 393ms (cache miss)
441 timing reifyNode:node_modules/gridstack Completed in 463ms
442 http fetch GET 200 https://registry.npmjs.org/socket.io/-/socket.io-4.7.5.tgz 409ms (cache miss)
443 timing reifyNode:node_modules/socket.io Completed in 478ms
444 http fetch GET 200 https://registry.npmjs.org/@types/node/-/node-22.5.0.tgz 480ms (cache miss)
445 timing reifyNode:node_modules/@types/node Completed in 514ms
446 http fetch GET 200 https://registry.npmjs.org/jquery/-/jquery-3.7.1.tgz 463ms (cache miss)
447 timing reifyNode:node_modules/jquery Completed in 519ms
448 http fetch GET 200 https://registry.npmjs.org/node-red-dashboard/-/node-red-dashboard-3.6.5.tgz 507ms (cache miss)
449 timing reifyNode:node_modules/node-red-dashboard Completed in 578ms
450 timing reify:unpack Completed in 582ms
451 timing reify:unretire Completed in 0ms
452 timing build:queue Completed in 2ms
453 timing build:link:node_modules/mime Completed in 2ms
454 timing build:link Completed in 2ms
455 info run node-red-dashboard@3.6.5 postinstall node_modules/node-red-dashboard node fixgrid.js
456 info run node-red-dashboard@3.6.5 postinstall { code: 0, signal: null }
457 timing build:run:postinstall:node_modules/node-red-dashboard Completed in 42ms
458 timing build:run:postinstall Completed in 42ms
459 timing build:deps Completed in 47ms
460 timing build Completed in 48ms
461 timing reify:build Completed in 48ms
462 timing reify:trash Completed in 0ms
463 timing reify:save Completed in 18ms
464 timing reify Completed in 2325ms
465 silly ADD node_modules/@socket.io/component-emitter
466 silly ADD node_modules/undici-types
467 silly ADD node_modules/ws
468 silly ADD node_modules/engine.io-parser
469 silly ADD node_modules/cookie
470 silly ADD node_modules/@types/node
471 silly ADD node_modules/@types/cors
472 silly ADD node_modules/@types/cookie
473 silly ADD node_modules/object-assign
474 silly ADD node_modules/socket.io-parser
475 silly ADD node_modules/socket.io-parser/node_modules/ms
476 silly ADD node_modules/socket.io-parser/node_modules/debug
477 silly ADD node_modules/socket.io-adapter
478 silly ADD node_modules/socket.io-adapter/node_modules/ms
479 silly ADD node_modules/socket.io-adapter/node_modules/debug
480 silly ADD node_modules/engine.io
481 silly ADD node_modules/engine.io/node_modules/ms
482 silly ADD node_modules/engine.io/node_modules/debug
483 silly ADD node_modules/cors
484 silly ADD node_modules/base64id
485 silly ADD node_modules/ee-first
486 silly ADD node_modules/toidentifier
487 silly ADD node_modules/setprototypeof
488 silly ADD node_modules/inherits
489 silly ADD node_modules/statuses
490 silly ADD node_modules/range-parser
491 silly ADD node_modules/on-finished
492 silly ADD node_modules/mime
493 silly ADD node_modules/http-errors
494 silly ADD node_modules/fresh
495 silly ADD node_modules/etag
496 silly ADD node_modules/destroy
497 silly ADD node_modules/depd
498 silly ADD node_modules/send
499 silly ADD node_modules/send/node_modules/ms
500 silly ADD node_modules/parseurl
501 silly ADD node_modules/escape-html
502 silly ADD node_modules/encodeurl
503 silly ADD node_modules/jquery
504 silly ADD node_modules/ms
505 silly ADD node_modules/mime-db
506 silly ADD node_modules/negotiator
507 silly ADD node_modules/mime-types
508 silly ADD node_modules/mime-types/node_modules/mime-db
509 silly ADD node_modules/vary
510 silly ADD node_modules/safe-buffer
511 silly ADD node_modules/on-headers
512 silly ADD node_modules/debug
513 silly ADD node_modules/compressible
514 silly ADD node_modules/bytes
515 silly ADD node_modules/accepts
516 silly ADD node_modules/socket.io
517 silly ADD node_modules/socket.io/node_modules/ms
518 silly ADD node_modules/socket.io/node_modules/debug
519 silly ADD node_modules/serve-static
520 silly ADD node_modules/gridstack
521 silly ADD node_modules/compression
522 silly ADD node_modules/node-red-dashboard
523 timing command:install Completed in 2328ms
524 verbose exit 0
525 timing npm Completed in 2434ms
526 info ok
